{"/Users/stefanomodenese/Desktop/IS2/progetto/app/app.js": {"path":"/Users/stefanomodenese/Desktop/IS2/progetto/app/app.js","statementMap":{"0":{"start":{"line":1,"column":16},"end":{"line":1,"column":34}},"1":{"start":{"line":2,"column":12},"end":{"line":2,"column":21}},"2":{"start":{"line":7,"column":0},"end":{"line":7,"column":50}},"3":{"start":{"line":9,"column":14},"end":{"line":9,"column":35}},"4":{"start":{"line":10,"column":16},"end":{"line":10,"column":40}},"5":{"start":{"line":11,"column":14},"end":{"line":11,"column":35}},"6":{"start":{"line":12,"column":16},"end":{"line":12,"column":40}},"7":{"start":{"line":13,"column":23},"end":{"line":13,"column":53}},"8":{"start":{"line":14,"column":18},"end":{"line":14,"column":43}},"9":{"start":{"line":15,"column":21},"end":{"line":15,"column":49}},"10":{"start":{"line":20,"column":0},"end":{"line":20,"column":24}},"11":{"start":{"line":21,"column":0},"end":{"line":21,"column":48}},"12":{"start":{"line":26,"column":0},"end":{"line":26,"column":39}},"13":{"start":{"line":31,"column":0},"end":{"line":31,"column":51}},"14":{"start":{"line":36,"column":0},"end":{"line":36,"column":43}},"15":{"start":{"line":41,"column":0},"end":{"line":41,"column":33}},"16":{"start":{"line":42,"column":0},"end":{"line":42,"column":32}},"17":{"start":{"line":45,"column":0},"end":{"line":45,"column":35}},"18":{"start":{"line":46,"column":0},"end":{"line":46,"column":34}},"19":{"start":{"line":47,"column":0},"end":{"line":47,"column":40}},"20":{"start":{"line":52,"column":0},"end":{"line":55,"column":3}},"21":{"start":{"line":53,"column":4},"end":{"line":53,"column":20}},"22":{"start":{"line":54,"column":4},"end":{"line":54,"column":37}},"23":{"start":{"line":57,"column":0},"end":{"line":57,"column":21}}},"fnMap":{"0":{"name":"(anonymous_0)","decl":{"start":{"line":52,"column":8},"end":{"line":52,"column":9}},"loc":{"start":{"line":52,"column":22},"end":{"line":55,"column":1}},"line":52}},"branchMap":{},"s":{"0":1,"1":1,"2":1,"3":1,"4":1,"5":1,"6":1,"7":1,"8":1,"9":1,"10":1,"11":1,"12":1,"13":1,"14":1,"15":1,"16":1,"17":1,"18":1,"19":1,"20":1,"21":1,"22":1,"23":1},"f":{"0":1},"b":{},"_coverageSchema":"1a1c01bbd47fc00a2c39e90264f33305004495a9","hash":"c5c25b3c0d6daf1f746b8841b3815c7171be5e12"}
,"/Users/stefanomodenese/Desktop/IS2/progetto/app/authentication.js": {"path":"/Users/stefanomodenese/Desktop/IS2/progetto/app/authentication.js","statementMap":{"0":{"start":{"line":1,"column":16},"end":{"line":1,"column":34}},"1":{"start":{"line":2,"column":15},"end":{"line":2,"column":31}},"2":{"start":{"line":6,"column":13},"end":{"line":6,"column":37}},"3":{"start":{"line":10,"column":12},"end":{"line":10,"column":35}},"4":{"start":{"line":11,"column":14},"end":{"line":11,"column":39}},"5":{"start":{"line":16,"column":0},"end":{"line":72,"column":3}},"6":{"start":{"line":17,"column":1},"end":{"line":17,"column":30}},"7":{"start":{"line":20,"column":1},"end":{"line":23,"column":2}},"8":{"start":{"line":21,"column":2},"end":{"line":21,"column":56}},"9":{"start":{"line":22,"column":2},"end":{"line":22,"column":9}},"10":{"start":{"line":26,"column":1},"end":{"line":29,"column":2}},"11":{"start":{"line":27,"column":2},"end":{"line":27,"column":68}},"12":{"start":{"line":28,"column":2},"end":{"line":28,"column":9}},"13":{"start":{"line":32,"column":12},"end":{"line":34,"column":10}},"14":{"start":{"line":36,"column":1},"end":{"line":36,"column":20}},"15":{"start":{"line":39,"column":1},"end":{"line":42,"column":2}},"16":{"start":{"line":40,"column":2},"end":{"line":40,"column":40}},"17":{"start":{"line":41,"column":2},"end":{"line":41,"column":9}},"18":{"start":{"line":45,"column":1},"end":{"line":48,"column":2}},"19":{"start":{"line":46,"column":2},"end":{"line":46,"column":52}},"20":{"start":{"line":47,"column":2},"end":{"line":47,"column":9}},"21":{"start":{"line":51,"column":15},"end":{"line":55,"column":2}},"22":{"start":{"line":56,"column":15},"end":{"line":58,"column":2}},"23":{"start":{"line":59,"column":13},"end":{"line":59,"column":52}},"24":{"start":{"line":62,"column":1},"end":{"line":70,"column":4}},"25":{"start":{"line":74,"column":0},"end":{"line":74,"column":24}}},"fnMap":{"0":{"name":"(anonymous_0)","decl":{"start":{"line":16,"column":16},"end":{"line":16,"column":17}},"loc":{"start":{"line":16,"column":41},"end":{"line":72,"column":1}},"line":16}},"branchMap":{"0":{"loc":{"start":{"line":20,"column":1},"end":{"line":23,"column":2}},"type":"if","locations":[{"start":{"line":20,"column":1},"end":{"line":23,"column":2}},{"start":{},"end":{}}],"line":20},"1":{"loc":{"start":{"line":26,"column":1},"end":{"line":29,"column":2}},"type":"if","locations":[{"start":{"line":26,"column":1},"end":{"line":29,"column":2}},{"start":{},"end":{}}],"line":26},"2":{"loc":{"start":{"line":39,"column":1},"end":{"line":42,"column":2}},"type":"if","locations":[{"start":{"line":39,"column":1},"end":{"line":42,"column":2}},{"start":{},"end":{}}],"line":39},"3":{"loc":{"start":{"line":45,"column":1},"end":{"line":48,"column":2}},"type":"if","locations":[{"start":{"line":45,"column":1},"end":{"line":48,"column":2}},{"start":{},"end":{}}],"line":45},"4":{"loc":{"start":{"line":45,"column":5},"end":{"line":45,"column":55}},"type":"binary-expr","locations":[{"start":{"line":45,"column":5},"end":{"line":45,"column":17}},{"start":{"line":45,"column":21},"end":{"line":45,"column":55}}],"line":45}},"s":{"0":1,"1":1,"2":1,"3":1,"4":1,"5":1,"6":0,"7":0,"8":0,"9":0,"10":0,"11":0,"12":0,"13":0,"14":0,"15":0,"16":0,"17":0,"18":0,"19":0,"20":0,"21":0,"22":0,"23":0,"24":0,"25":1},"f":{"0":0},"b":{"0":[0,0],"1":[0,0],"2":[0,0],"3":[0,0],"4":[0,0]},"_coverageSchema":"1a1c01bbd47fc00a2c39e90264f33305004495a9","hash":"51fe3a7ca284c95eb2c795cf50c68e0e122d53a9"}
,"/Users/stefanomodenese/Desktop/IS2/progetto/app/posts.js": {"path":"/Users/stefanomodenese/Desktop/IS2/progetto/app/posts.js","statementMap":{"0":{"start":{"line":1,"column":16},"end":{"line":1,"column":34}},"1":{"start":{"line":2,"column":15},"end":{"line":2,"column":31}},"2":{"start":{"line":7,"column":13},"end":{"line":7,"column":40}},"3":{"start":{"line":8,"column":13},"end":{"line":8,"column":37}},"4":{"start":{"line":10,"column":14},"end":{"line":10,"column":42}},"5":{"start":{"line":11,"column":19},"end":{"line":11,"column":47}},"6":{"start":{"line":12,"column":28},"end":{"line":12,"column":47}},"7":{"start":{"line":17,"column":0},"end":{"line":21,"column":3}},"8":{"start":{"line":19,"column":16},"end":{"line":19,"column":42}},"9":{"start":{"line":20,"column":4},"end":{"line":20,"column":39}},"10":{"start":{"line":26,"column":0},"end":{"line":28,"column":3}},"11":{"start":{"line":27,"column":1},"end":{"line":27,"column":23}},"12":{"start":{"line":33,"column":0},"end":{"line":35,"column":3}},"13":{"start":{"line":34,"column":1},"end":{"line":34,"column":23}},"14":{"start":{"line":40,"column":0},"end":{"line":52,"column":3}},"15":{"start":{"line":41,"column":1},"end":{"line":41,"column":41}},"16":{"start":{"line":42,"column":1},"end":{"line":51,"column":2}},"17":{"start":{"line":43,"column":2},"end":{"line":43,"column":24}},"18":{"start":{"line":45,"column":2},"end":{"line":50,"column":5}},"19":{"start":{"line":46,"column":3},"end":{"line":46,"column":37}},"20":{"start":{"line":48,"column":3},"end":{"line":48,"column":25}},"21":{"start":{"line":49,"column":3},"end":{"line":49,"column":23}},"22":{"start":{"line":57,"column":0},"end":{"line":104,"column":3}},"23":{"start":{"line":58,"column":1},"end":{"line":58,"column":44}},"24":{"start":{"line":59,"column":1},"end":{"line":59,"column":36}},"25":{"start":{"line":61,"column":1},"end":{"line":75,"column":2}},"26":{"start":{"line":62,"column":2},"end":{"line":62,"column":47}},"27":{"start":{"line":63,"column":2},"end":{"line":63,"column":9}},"28":{"start":{"line":70,"column":13},"end":{"line":70,"column":66}},"29":{"start":{"line":71,"column":2},"end":{"line":74,"column":3}},"30":{"start":{"line":72,"column":3},"end":{"line":72,"column":48}},"31":{"start":{"line":73,"column":3},"end":{"line":73,"column":10}},"32":{"start":{"line":78,"column":1},"end":{"line":81,"column":2}},"33":{"start":{"line":79,"column":2},"end":{"line":79,"column":48}},"34":{"start":{"line":80,"column":2},"end":{"line":80,"column":9}},"35":{"start":{"line":83,"column":12},"end":{"line":87,"column":6}},"36":{"start":{"line":90,"column":1},"end":{"line":103,"column":4}},"37":{"start":{"line":92,"column":15},"end":{"line":92,"column":28}},"38":{"start":{"line":93,"column":2},"end":{"line":99,"column":3}},"39":{"start":{"line":94,"column":3},"end":{"line":94,"column":44}},"40":{"start":{"line":97,"column":3},"end":{"line":97,"column":43}},"41":{"start":{"line":98,"column":3},"end":{"line":98,"column":49}},"42":{"start":{"line":102,"column":2},"end":{"line":102,"column":43}},"43":{"start":{"line":106,"column":0},"end":{"line":106,"column":24}}},"fnMap":{"0":{"name":"(anonymous_0)","decl":{"start":{"line":17,"column":15},"end":{"line":17,"column":16}},"loc":{"start":{"line":17,"column":35},"end":{"line":21,"column":1}},"line":17},"1":{"name":"(anonymous_1)","decl":{"start":{"line":26,"column":18},"end":{"line":26,"column":19}},"loc":{"start":{"line":26,"column":38},"end":{"line":28,"column":1}},"line":26},"2":{"name":"(anonymous_2)","decl":{"start":{"line":33,"column":15},"end":{"line":33,"column":16}},"loc":{"start":{"line":33,"column":35},"end":{"line":35,"column":1}},"line":33},"3":{"name":"(anonymous_3)","decl":{"start":{"line":40,"column":19},"end":{"line":40,"column":20}},"loc":{"start":{"line":40,"column":39},"end":{"line":52,"column":1}},"line":40},"4":{"name":"(anonymous_4)","decl":{"start":{"line":45,"column":52},"end":{"line":45,"column":53}},"loc":{"start":{"line":45,"column":60},"end":{"line":47,"column":3}},"line":45},"5":{"name":"(anonymous_5)","decl":{"start":{"line":47,"column":11},"end":{"line":47,"column":12}},"loc":{"start":{"line":47,"column":18},"end":{"line":50,"column":3}},"line":47},"6":{"name":"(anonymous_6)","decl":{"start":{"line":57,"column":16},"end":{"line":57,"column":17}},"loc":{"start":{"line":57,"column":36},"end":{"line":104,"column":1}},"line":57},"7":{"name":"(anonymous_7)","decl":{"start":{"line":90,"column":25},"end":{"line":90,"column":26}},"loc":{"start":{"line":90,"column":39},"end":{"line":100,"column":2}},"line":90},"8":{"name":"(anonymous_8)","decl":{"start":{"line":100,"column":10},"end":{"line":100,"column":11}},"loc":{"start":{"line":100,"column":17},"end":{"line":103,"column":2}},"line":100}},"branchMap":{"0":{"loc":{"start":{"line":42,"column":1},"end":{"line":51,"column":2}},"type":"if","locations":[{"start":{"line":42,"column":1},"end":{"line":51,"column":2}},{"start":{"line":44,"column":6},"end":{"line":51,"column":2}}],"line":42},"1":{"loc":{"start":{"line":61,"column":1},"end":{"line":75,"column":2}},"type":"if","locations":[{"start":{"line":61,"column":1},"end":{"line":75,"column":2}},{"start":{"line":65,"column":6},"end":{"line":75,"column":2}}],"line":61},"2":{"loc":{"start":{"line":71,"column":2},"end":{"line":74,"column":3}},"type":"if","locations":[{"start":{"line":71,"column":2},"end":{"line":74,"column":3}},{"start":{},"end":{}}],"line":71},"3":{"loc":{"start":{"line":78,"column":1},"end":{"line":81,"column":2}},"type":"if","locations":[{"start":{"line":78,"column":1},"end":{"line":81,"column":2}},{"start":{},"end":{}}],"line":78},"4":{"loc":{"start":{"line":93,"column":2},"end":{"line":99,"column":3}},"type":"if","locations":[{"start":{"line":93,"column":2},"end":{"line":99,"column":3}},{"start":{"line":96,"column":7},"end":{"line":99,"column":3}}],"line":93}},"s":{"0":1,"1":1,"2":1,"3":1,"4":1,"5":1,"6":1,"7":1,"8":0,"9":0,"10":1,"11":0,"12":1,"13":0,"14":1,"15":0,"16":0,"17":0,"18":0,"19":0,"20":0,"21":0,"22":1,"23":0,"24":0,"25":0,"26":0,"27":0,"28":0,"29":0,"30":0,"31":0,"32":0,"33":0,"34":0,"35":0,"36":0,"37":0,"38":0,"39":0,"40":0,"41":0,"42":0,"43":1},"f":{"0":0,"1":0,"2":0,"3":0,"4":0,"5":0,"6":0,"7":0,"8":0},"b":{"0":[0,0],"1":[0,0],"2":[0,0],"3":[0,0],"4":[0,0]},"_coverageSchema":"1a1c01bbd47fc00a2c39e90264f33305004495a9","hash":"3ebde6e1c9e5d0a5ff264ba2acd9588c22c0a9c8"}
,"/Users/stefanomodenese/Desktop/IS2/progetto/app/posts_v2.js": {"path":"/Users/stefanomodenese/Desktop/IS2/progetto/app/posts_v2.js","statementMap":{"0":{"start":{"line":1,"column":16},"end":{"line":1,"column":34}},"1":{"start":{"line":2,"column":15},"end":{"line":2,"column":31}},"2":{"start":{"line":7,"column":13},"end":{"line":7,"column":40}},"3":{"start":{"line":8,"column":13},"end":{"line":8,"column":37}},"4":{"start":{"line":10,"column":14},"end":{"line":10,"column":42}},"5":{"start":{"line":11,"column":19},"end":{"line":11,"column":47}},"6":{"start":{"line":12,"column":28},"end":{"line":12,"column":47}},"7":{"start":{"line":17,"column":0},"end":{"line":21,"column":3}},"8":{"start":{"line":19,"column":16},"end":{"line":19,"column":42}},"9":{"start":{"line":20,"column":4},"end":{"line":20,"column":39}},"10":{"start":{"line":26,"column":0},"end":{"line":28,"column":3}},"11":{"start":{"line":27,"column":1},"end":{"line":27,"column":23}},"12":{"start":{"line":33,"column":0},"end":{"line":35,"column":3}},"13":{"start":{"line":34,"column":1},"end":{"line":34,"column":23}},"14":{"start":{"line":40,"column":0},"end":{"line":52,"column":3}},"15":{"start":{"line":41,"column":1},"end":{"line":41,"column":41}},"16":{"start":{"line":42,"column":1},"end":{"line":51,"column":2}},"17":{"start":{"line":43,"column":2},"end":{"line":43,"column":24}},"18":{"start":{"line":45,"column":2},"end":{"line":50,"column":5}},"19":{"start":{"line":46,"column":3},"end":{"line":46,"column":37}},"20":{"start":{"line":48,"column":3},"end":{"line":48,"column":25}},"21":{"start":{"line":49,"column":3},"end":{"line":49,"column":23}},"22":{"start":{"line":57,"column":0},"end":{"line":104,"column":3}},"23":{"start":{"line":58,"column":1},"end":{"line":58,"column":44}},"24":{"start":{"line":59,"column":1},"end":{"line":59,"column":36}},"25":{"start":{"line":61,"column":1},"end":{"line":75,"column":2}},"26":{"start":{"line":62,"column":2},"end":{"line":62,"column":47}},"27":{"start":{"line":63,"column":2},"end":{"line":63,"column":9}},"28":{"start":{"line":70,"column":13},"end":{"line":70,"column":66}},"29":{"start":{"line":71,"column":2},"end":{"line":74,"column":3}},"30":{"start":{"line":72,"column":3},"end":{"line":72,"column":48}},"31":{"start":{"line":73,"column":3},"end":{"line":73,"column":10}},"32":{"start":{"line":78,"column":1},"end":{"line":81,"column":2}},"33":{"start":{"line":79,"column":2},"end":{"line":79,"column":48}},"34":{"start":{"line":80,"column":2},"end":{"line":80,"column":9}},"35":{"start":{"line":83,"column":12},"end":{"line":87,"column":6}},"36":{"start":{"line":90,"column":1},"end":{"line":103,"column":4}},"37":{"start":{"line":92,"column":15},"end":{"line":92,"column":28}},"38":{"start":{"line":93,"column":2},"end":{"line":99,"column":3}},"39":{"start":{"line":94,"column":3},"end":{"line":94,"column":44}},"40":{"start":{"line":97,"column":3},"end":{"line":97,"column":46}},"41":{"start":{"line":98,"column":3},"end":{"line":98,"column":49}},"42":{"start":{"line":102,"column":2},"end":{"line":102,"column":43}},"43":{"start":{"line":106,"column":0},"end":{"line":106,"column":24}}},"fnMap":{"0":{"name":"(anonymous_0)","decl":{"start":{"line":17,"column":15},"end":{"line":17,"column":16}},"loc":{"start":{"line":17,"column":35},"end":{"line":21,"column":1}},"line":17},"1":{"name":"(anonymous_1)","decl":{"start":{"line":26,"column":18},"end":{"line":26,"column":19}},"loc":{"start":{"line":26,"column":38},"end":{"line":28,"column":1}},"line":26},"2":{"name":"(anonymous_2)","decl":{"start":{"line":33,"column":15},"end":{"line":33,"column":16}},"loc":{"start":{"line":33,"column":35},"end":{"line":35,"column":1}},"line":33},"3":{"name":"(anonymous_3)","decl":{"start":{"line":40,"column":19},"end":{"line":40,"column":20}},"loc":{"start":{"line":40,"column":39},"end":{"line":52,"column":1}},"line":40},"4":{"name":"(anonymous_4)","decl":{"start":{"line":45,"column":52},"end":{"line":45,"column":53}},"loc":{"start":{"line":45,"column":60},"end":{"line":47,"column":3}},"line":45},"5":{"name":"(anonymous_5)","decl":{"start":{"line":47,"column":11},"end":{"line":47,"column":12}},"loc":{"start":{"line":47,"column":18},"end":{"line":50,"column":3}},"line":47},"6":{"name":"(anonymous_6)","decl":{"start":{"line":57,"column":16},"end":{"line":57,"column":17}},"loc":{"start":{"line":57,"column":36},"end":{"line":104,"column":1}},"line":57},"7":{"name":"(anonymous_7)","decl":{"start":{"line":90,"column":25},"end":{"line":90,"column":26}},"loc":{"start":{"line":90,"column":39},"end":{"line":100,"column":2}},"line":90},"8":{"name":"(anonymous_8)","decl":{"start":{"line":100,"column":10},"end":{"line":100,"column":11}},"loc":{"start":{"line":100,"column":17},"end":{"line":103,"column":2}},"line":100}},"branchMap":{"0":{"loc":{"start":{"line":42,"column":1},"end":{"line":51,"column":2}},"type":"if","locations":[{"start":{"line":42,"column":1},"end":{"line":51,"column":2}},{"start":{"line":44,"column":6},"end":{"line":51,"column":2}}],"line":42},"1":{"loc":{"start":{"line":61,"column":1},"end":{"line":75,"column":2}},"type":"if","locations":[{"start":{"line":61,"column":1},"end":{"line":75,"column":2}},{"start":{"line":65,"column":6},"end":{"line":75,"column":2}}],"line":61},"2":{"loc":{"start":{"line":71,"column":2},"end":{"line":74,"column":3}},"type":"if","locations":[{"start":{"line":71,"column":2},"end":{"line":74,"column":3}},{"start":{},"end":{}}],"line":71},"3":{"loc":{"start":{"line":78,"column":1},"end":{"line":81,"column":2}},"type":"if","locations":[{"start":{"line":78,"column":1},"end":{"line":81,"column":2}},{"start":{},"end":{}}],"line":78},"4":{"loc":{"start":{"line":93,"column":2},"end":{"line":99,"column":3}},"type":"if","locations":[{"start":{"line":93,"column":2},"end":{"line":99,"column":3}},{"start":{"line":96,"column":7},"end":{"line":99,"column":3}}],"line":93}},"s":{"0":1,"1":1,"2":1,"3":1,"4":1,"5":1,"6":1,"7":1,"8":0,"9":0,"10":1,"11":0,"12":1,"13":0,"14":1,"15":0,"16":0,"17":0,"18":0,"19":0,"20":0,"21":0,"22":1,"23":0,"24":0,"25":0,"26":0,"27":0,"28":0,"29":0,"30":0,"31":0,"32":0,"33":0,"34":0,"35":0,"36":0,"37":0,"38":0,"39":0,"40":0,"41":0,"42":0,"43":1},"f":{"0":0,"1":0,"2":0,"3":0,"4":0,"5":0,"6":0,"7":0,"8":0},"b":{"0":[0,0],"1":[0,0],"2":[0,0],"3":[0,0],"4":[0,0]},"_coverageSchema":"1a1c01bbd47fc00a2c39e90264f33305004495a9","hash":"3adb17655218ed4a42a74dcc13397c8cee9f499c"}
,"/Users/stefanomodenese/Desktop/IS2/progetto/app/published.js": {"path":"/Users/stefanomodenese/Desktop/IS2/progetto/app/published.js","statementMap":{"0":{"start":{"line":1,"column":16},"end":{"line":1,"column":34}},"1":{"start":{"line":2,"column":15},"end":{"line":2,"column":31}},"2":{"start":{"line":3,"column":13},"end":{"line":3,"column":40}},"3":{"start":{"line":4,"column":13},"end":{"line":4,"column":37}},"4":{"start":{"line":6,"column":14},"end":{"line":6,"column":42}},"5":{"start":{"line":7,"column":19},"end":{"line":7,"column":47}},"6":{"start":{"line":8,"column":28},"end":{"line":8,"column":47}},"7":{"start":{"line":14,"column":1},"end":{"line":22,"column":3}},"8":{"start":{"line":15,"column":1},"end":{"line":15,"column":54}},"9":{"start":{"line":16,"column":1},"end":{"line":21,"column":4}},"10":{"start":{"line":17,"column":5},"end":{"line":17,"column":39}},"11":{"start":{"line":19,"column":2},"end":{"line":19,"column":24}},"12":{"start":{"line":20,"column":2},"end":{"line":20,"column":22}},"13":{"start":{"line":28,"column":0},"end":{"line":44,"column":2}},"14":{"start":{"line":29,"column":15},"end":{"line":29,"column":56}},"15":{"start":{"line":30,"column":4},"end":{"line":34,"column":5}},"16":{"start":{"line":31,"column":8},"end":{"line":31,"column":31}},"17":{"start":{"line":32,"column":8},"end":{"line":32,"column":38}},"18":{"start":{"line":33,"column":8},"end":{"line":33,"column":15}},"19":{"start":{"line":35,"column":4},"end":{"line":39,"column":5}},"20":{"start":{"line":36,"column":8},"end":{"line":38,"column":11}},"21":{"start":{"line":40,"column":4},"end":{"line":40,"column":27}},"22":{"start":{"line":43,"column":4},"end":{"line":43,"column":37}},"23":{"start":{"line":49,"column":0},"end":{"line":79,"column":2}},"24":{"start":{"line":50,"column":15},"end":{"line":50,"column":56}},"25":{"start":{"line":51,"column":4},"end":{"line":55,"column":5}},"26":{"start":{"line":52,"column":8},"end":{"line":52,"column":31}},"27":{"start":{"line":53,"column":8},"end":{"line":53,"column":38}},"28":{"start":{"line":54,"column":8},"end":{"line":54,"column":15}},"29":{"start":{"line":56,"column":4},"end":{"line":58,"column":5}},"30":{"start":{"line":57,"column":8},"end":{"line":57,"column":73}},"31":{"start":{"line":59,"column":4},"end":{"line":63,"column":5}},"32":{"start":{"line":60,"column":8},"end":{"line":62,"column":11}},"33":{"start":{"line":64,"column":4},"end":{"line":78,"column":6}},"34":{"start":{"line":72,"column":8},"end":{"line":77,"column":9}},"35":{"start":{"line":73,"column":12},"end":{"line":73,"column":27}},"36":{"start":{"line":76,"column":12},"end":{"line":76,"column":42}},"37":{"start":{"line":81,"column":0},"end":{"line":81,"column":24}}},"fnMap":{"0":{"name":"(anonymous_0)","decl":{"start":{"line":14,"column":27},"end":{"line":14,"column":28}},"loc":{"start":{"line":14,"column":47},"end":{"line":22,"column":1}},"line":14},"1":{"name":"(anonymous_1)","decl":{"start":{"line":16,"column":60},"end":{"line":16,"column":61}},"loc":{"start":{"line":16,"column":68},"end":{"line":18,"column":2}},"line":16},"2":{"name":"(anonymous_2)","decl":{"start":{"line":18,"column":10},"end":{"line":18,"column":11}},"loc":{"start":{"line":18,"column":17},"end":{"line":21,"column":2}},"line":18},"3":{"name":"(anonymous_3)","decl":{"start":{"line":28,"column":33},"end":{"line":28,"column":34}},"loc":{"start":{"line":28,"column":52},"end":{"line":44,"column":1}},"line":28},"4":{"name":"(anonymous_4)","decl":{"start":{"line":49,"column":30},"end":{"line":49,"column":31}},"loc":{"start":{"line":49,"column":49},"end":{"line":79,"column":1}},"line":49},"5":{"name":"(anonymous_5)","decl":{"start":{"line":71,"column":12},"end":{"line":71,"column":13}},"loc":{"start":{"line":71,"column":27},"end":{"line":78,"column":5}},"line":71}},"branchMap":{"0":{"loc":{"start":{"line":30,"column":4},"end":{"line":34,"column":5}},"type":"if","locations":[{"start":{"line":30,"column":4},"end":{"line":34,"column":5}},{"start":{},"end":{}}],"line":30},"1":{"loc":{"start":{"line":35,"column":4},"end":{"line":39,"column":5}},"type":"if","locations":[{"start":{"line":35,"column":4},"end":{"line":39,"column":5}},{"start":{},"end":{}}],"line":35},"2":{"loc":{"start":{"line":51,"column":4},"end":{"line":55,"column":5}},"type":"if","locations":[{"start":{"line":51,"column":4},"end":{"line":55,"column":5}},{"start":{},"end":{}}],"line":51},"3":{"loc":{"start":{"line":56,"column":4},"end":{"line":58,"column":5}},"type":"if","locations":[{"start":{"line":56,"column":4},"end":{"line":58,"column":5}},{"start":{},"end":{}}],"line":56},"4":{"loc":{"start":{"line":56,"column":8},"end":{"line":56,"column":82}},"type":"binary-expr","locations":[{"start":{"line":56,"column":8},"end":{"line":56,"column":40}},{"start":{"line":56,"column":44},"end":{"line":56,"column":82}}],"line":56},"5":{"loc":{"start":{"line":59,"column":4},"end":{"line":63,"column":5}},"type":"if","locations":[{"start":{"line":59,"column":4},"end":{"line":63,"column":5}},{"start":{},"end":{}}],"line":59},"6":{"loc":{"start":{"line":72,"column":8},"end":{"line":77,"column":9}},"type":"if","locations":[{"start":{"line":72,"column":8},"end":{"line":77,"column":9}},{"start":{"line":75,"column":13},"end":{"line":77,"column":9}}],"line":72}},"s":{"0":1,"1":1,"2":1,"3":1,"4":1,"5":1,"6":1,"7":1,"8":1,"9":1,"10":1,"11":0,"12":0,"13":1,"14":0,"15":0,"16":0,"17":0,"18":0,"19":0,"20":0,"21":0,"22":0,"23":1,"24":0,"25":0,"26":0,"27":0,"28":0,"29":0,"30":0,"31":0,"32":0,"33":0,"34":0,"35":0,"36":0,"37":1},"f":{"0":1,"1":1,"2":0,"3":0,"4":0,"5":0},"b":{"0":[0,0],"1":[0,0],"2":[0,0],"3":[0,0],"4":[0,0],"5":[0,0],"6":[0,0]},"_coverageSchema":"1a1c01bbd47fc00a2c39e90264f33305004495a9","hash":"61e12bb4e50b28a9c7b1fa538fa9382a76103adf"}
,"/Users/stefanomodenese/Desktop/IS2/progetto/app/tokenChecker.js": {"path":"/Users/stefanomodenese/Desktop/IS2/progetto/app/tokenChecker.js","statementMap":{"0":{"start":{"line":4,"column":12},"end":{"line":4,"column":35}},"1":{"start":{"line":9,"column":21},"end":{"line":35,"column":1}},"2":{"start":{"line":12,"column":13},"end":{"line":12,"column":79}},"3":{"start":{"line":15,"column":1},"end":{"line":20,"column":2}},"4":{"start":{"line":16,"column":2},"end":{"line":19,"column":5}},"5":{"start":{"line":23,"column":1},"end":{"line":34,"column":4}},"6":{"start":{"line":24,"column":2},"end":{"line":33,"column":3}},"7":{"start":{"line":25,"column":3},"end":{"line":28,"column":6}},"8":{"start":{"line":31,"column":3},"end":{"line":31,"column":28}},"9":{"start":{"line":32,"column":3},"end":{"line":32,"column":10}},"10":{"start":{"line":37,"column":0},"end":{"line":37,"column":30}}},"fnMap":{"0":{"name":"(anonymous_0)","decl":{"start":{"line":9,"column":21},"end":{"line":9,"column":22}},"loc":{"start":{"line":9,"column":46},"end":{"line":35,"column":1}},"line":9},"1":{"name":"(anonymous_1)","decl":{"start":{"line":23,"column":32},"end":{"line":23,"column":33}},"loc":{"start":{"line":23,"column":55},"end":{"line":34,"column":2}},"line":23}},"branchMap":{"0":{"loc":{"start":{"line":12,"column":13},"end":{"line":12,"column":79}},"type":"binary-expr","locations":[{"start":{"line":12,"column":13},"end":{"line":12,"column":27}},{"start":{"line":12,"column":31},"end":{"line":12,"column":46}},{"start":{"line":12,"column":50},"end":{"line":12,"column":79}}],"line":12},"1":{"loc":{"start":{"line":15,"column":1},"end":{"line":20,"column":2}},"type":"if","locations":[{"start":{"line":15,"column":1},"end":{"line":20,"column":2}},{"start":{},"end":{}}],"line":15},"2":{"loc":{"start":{"line":24,"column":2},"end":{"line":33,"column":3}},"type":"if","locations":[{"start":{"line":24,"column":2},"end":{"line":33,"column":3}},{"start":{"line":29,"column":9},"end":{"line":33,"column":3}}],"line":24}},"s":{"0":1,"1":1,"2":4,"3":4,"4":1,"5":3,"6":3,"7":1,"8":2,"9":2,"10":1},"f":{"0":4,"1":3},"b":{"0":[4,4,1],"1":[1,3],"2":[1,2]},"_coverageSchema":"1a1c01bbd47fc00a2c39e90264f33305004495a9","hash":"8053ffbf6da68d7ed4f2c887fe2eb5a75ca489fc"}
,"/Users/stefanomodenese/Desktop/IS2/progetto/app/users.js": {"path":"/Users/stefanomodenese/Desktop/IS2/progetto/app/users.js","statementMap":{"0":{"start":{"line":1,"column":16},"end":{"line":1,"column":34}},"1":{"start":{"line":2,"column":15},"end":{"line":2,"column":31}},"2":{"start":{"line":3,"column":12},"end":{"line":3,"column":35}},"3":{"start":{"line":5,"column":14},"end":{"line":5,"column":42}},"4":{"start":{"line":6,"column":28},"end":{"line":6,"column":56}},"5":{"start":{"line":7,"column":28},"end":{"line":7,"column":47}},"6":{"start":{"line":12,"column":13},"end":{"line":12,"column":37}},"7":{"start":{"line":17,"column":13},"end":{"line":17,"column":37}},"8":{"start":{"line":22,"column":0},"end":{"line":81,"column":3}},"9":{"start":{"line":23,"column":4},"end":{"line":23,"column":39}},"10":{"start":{"line":24,"column":4},"end":{"line":24,"column":45}},"11":{"start":{"line":25,"column":4},"end":{"line":25,"column":45}},"12":{"start":{"line":27,"column":4},"end":{"line":30,"column":5}},"13":{"start":{"line":28,"column":8},"end":{"line":28,"column":62}},"14":{"start":{"line":29,"column":8},"end":{"line":29,"column":15}},"15":{"start":{"line":33,"column":15},"end":{"line":33,"column":66}},"16":{"start":{"line":36,"column":4},"end":{"line":39,"column":5}},"17":{"start":{"line":37,"column":8},"end":{"line":37,"column":56}},"18":{"start":{"line":38,"column":8},"end":{"line":38,"column":15}},"19":{"start":{"line":42,"column":4},"end":{"line":45,"column":5}},"20":{"start":{"line":43,"column":8},"end":{"line":43,"column":78}},"21":{"start":{"line":44,"column":8},"end":{"line":44,"column":15}},"22":{"start":{"line":48,"column":4},"end":{"line":51,"column":5}},"23":{"start":{"line":49,"column":8},"end":{"line":49,"column":77}},"24":{"start":{"line":50,"column":8},"end":{"line":50,"column":15}},"25":{"start":{"line":54,"column":4},"end":{"line":58,"column":7}},"26":{"start":{"line":59,"column":4},"end":{"line":59,"column":31}},"27":{"start":{"line":62,"column":15},"end":{"line":66,"column":2}},"28":{"start":{"line":67,"column":15},"end":{"line":69,"column":2}},"29":{"start":{"line":70,"column":13},"end":{"line":70,"column":52}},"30":{"start":{"line":73,"column":1},"end":{"line":80,"column":4}},"31":{"start":{"line":87,"column":1},"end":{"line":105,"column":4}},"32":{"start":{"line":88,"column":15},"end":{"line":88,"column":29}},"33":{"start":{"line":89,"column":22},"end":{"line":89,"column":39}},"34":{"start":{"line":90,"column":4},"end":{"line":90,"column":96}},"35":{"start":{"line":90,"column":34},"end":{"line":90,"column":88}},"36":{"start":{"line":90,"column":88},"end":{"line":90,"column":95}},"37":{"start":{"line":91,"column":4},"end":{"line":91,"column":102}},"38":{"start":{"line":91,"column":37},"end":{"line":91,"column":94}},"39":{"start":{"line":91,"column":94},"end":{"line":91,"column":101}},"40":{"start":{"line":92,"column":14},"end":{"line":92,"column":56}},"41":{"start":{"line":93,"column":4},"end":{"line":93,"column":72}},"42":{"start":{"line":93,"column":22},"end":{"line":93,"column":63}},"43":{"start":{"line":93,"column":64},"end":{"line":93,"column":71}},"44":{"start":{"line":95,"column":1},"end":{"line":97,"column":4}},"45":{"start":{"line":98,"column":1},"end":{"line":103,"column":4}},"46":{"start":{"line":104,"column":1},"end":{"line":104,"column":8}},"47":{"start":{"line":111,"column":1},"end":{"line":133,"column":4}},"48":{"start":{"line":112,"column":16},"end":{"line":112,"column":27}},"49":{"start":{"line":113,"column":15},"end":{"line":113,"column":29}},"50":{"start":{"line":114,"column":14},"end":{"line":114,"column":56}},"51":{"start":{"line":115,"column":15},"end":{"line":115,"column":28}},"52":{"start":{"line":117,"column":4},"end":{"line":119,"column":5}},"53":{"start":{"line":118,"column":8},"end":{"line":118,"column":76}},"54":{"start":{"line":118,"column":77},"end":{"line":118,"column":84}},"55":{"start":{"line":120,"column":4},"end":{"line":120,"column":25}},"56":{"start":{"line":121,"column":1},"end":{"line":123,"column":4}},"57":{"start":{"line":124,"column":1},"end":{"line":130,"column":4}},"58":{"start":{"line":131,"column":4},"end":{"line":131,"column":44}},"59":{"start":{"line":132,"column":1},"end":{"line":132,"column":8}},"60":{"start":{"line":138,"column":2},"end":{"line":164,"column":4}},"61":{"start":{"line":139,"column":16},"end":{"line":139,"column":27}},"62":{"start":{"line":140,"column":1},"end":{"line":140,"column":30}},"63":{"start":{"line":141,"column":15},"end":{"line":141,"column":29}},"64":{"start":{"line":142,"column":1},"end":{"line":142,"column":27}},"65":{"start":{"line":143,"column":14},"end":{"line":143,"column":56}},"66":{"start":{"line":144,"column":15},"end":{"line":144,"column":28}},"67":{"start":{"line":145,"column":16},"end":{"line":145,"column":39}},"68":{"start":{"line":146,"column":4},"end":{"line":151,"column":5}},"69":{"start":{"line":147,"column":8},"end":{"line":147,"column":33}},"70":{"start":{"line":150,"column":8},"end":{"line":150,"column":73}},"71":{"start":{"line":150,"column":74},"end":{"line":150,"column":81}},"72":{"start":{"line":152,"column":1},"end":{"line":154,"column":4}},"73":{"start":{"line":155,"column":1},"end":{"line":161,"column":4}},"74":{"start":{"line":162,"column":4},"end":{"line":162,"column":46}},"75":{"start":{"line":163,"column":1},"end":{"line":163,"column":8}},"76":{"start":{"line":172,"column":14},"end":{"line":172,"column":169}},"77":{"start":{"line":173,"column":4},"end":{"line":173,"column":26}},"78":{"start":{"line":176,"column":0},"end":{"line":176,"column":24}}},"fnMap":{"0":{"name":"(anonymous_0)","decl":{"start":{"line":22,"column":16},"end":{"line":22,"column":17}},"loc":{"start":{"line":22,"column":40},"end":{"line":81,"column":1}},"line":22},"1":{"name":"(anonymous_1)","decl":{"start":{"line":59,"column":14},"end":{"line":59,"column":15}},"loc":{"start":{"line":59,"column":27},"end":{"line":59,"column":29}},"line":59},"2":{"name":"(anonymous_2)","decl":{"start":{"line":87,"column":32},"end":{"line":87,"column":33}},"loc":{"start":{"line":87,"column":56},"end":{"line":105,"column":2}},"line":87},"3":{"name":"(anonymous_3)","decl":{"start":{"line":111,"column":29},"end":{"line":111,"column":30}},"loc":{"start":{"line":111,"column":53},"end":{"line":133,"column":2}},"line":111},"4":{"name":"(anonymous_4)","decl":{"start":{"line":138,"column":30},"end":{"line":138,"column":31}},"loc":{"start":{"line":138,"column":54},"end":{"line":164,"column":2}},"line":138},"5":{"name":"checkIfEmailInString","decl":{"start":{"line":170,"column":10},"end":{"line":170,"column":30}},"loc":{"start":{"line":170,"column":37},"end":{"line":174,"column":1}},"line":170}},"branchMap":{"0":{"loc":{"start":{"line":27,"column":4},"end":{"line":30,"column":5}},"type":"if","locations":[{"start":{"line":27,"column":4},"end":{"line":30,"column":5}},{"start":{},"end":{}}],"line":27},"1":{"loc":{"start":{"line":36,"column":4},"end":{"line":39,"column":5}},"type":"if","locations":[{"start":{"line":36,"column":4},"end":{"line":39,"column":5}},{"start":{},"end":{}}],"line":36},"2":{"loc":{"start":{"line":42,"column":4},"end":{"line":45,"column":5}},"type":"if","locations":[{"start":{"line":42,"column":4},"end":{"line":45,"column":5}},{"start":{},"end":{}}],"line":42},"3":{"loc":{"start":{"line":48,"column":4},"end":{"line":51,"column":5}},"type":"if","locations":[{"start":{"line":48,"column":4},"end":{"line":51,"column":5}},{"start":{},"end":{}}],"line":48},"4":{"loc":{"start":{"line":48,"column":7},"end":{"line":48,"column":77}},"type":"binary-expr","locations":[{"start":{"line":48,"column":7},"end":{"line":48,"column":40}},{"start":{"line":48,"column":44},"end":{"line":48,"column":77}}],"line":48},"5":{"loc":{"start":{"line":90,"column":4},"end":{"line":90,"column":96}},"type":"if","locations":[{"start":{"line":90,"column":4},"end":{"line":90,"column":96}},{"start":{},"end":{}}],"line":90},"6":{"loc":{"start":{"line":91,"column":4},"end":{"line":91,"column":102}},"type":"if","locations":[{"start":{"line":91,"column":4},"end":{"line":91,"column":102}},{"start":{},"end":{}}],"line":91},"7":{"loc":{"start":{"line":93,"column":4},"end":{"line":93,"column":72}},"type":"if","locations":[{"start":{"line":93,"column":4},"end":{"line":93,"column":72}},{"start":{},"end":{}}],"line":93},"8":{"loc":{"start":{"line":117,"column":4},"end":{"line":119,"column":5}},"type":"if","locations":[{"start":{"line":117,"column":4},"end":{"line":119,"column":5}},{"start":{},"end":{}}],"line":117},"9":{"loc":{"start":{"line":146,"column":4},"end":{"line":151,"column":5}},"type":"if","locations":[{"start":{"line":146,"column":4},"end":{"line":151,"column":5}},{"start":{"line":149,"column":8},"end":{"line":151,"column":5}}],"line":146}},"s":{"0":1,"1":1,"2":1,"3":1,"4":1,"5":1,"6":1,"7":1,"8":1,"9":0,"10":0,"11":0,"12":0,"13":0,"14":0,"15":0,"16":0,"17":0,"18":0,"19":0,"20":0,"21":0,"22":0,"23":0,"24":0,"25":0,"26":0,"27":0,"28":0,"29":0,"30":0,"31":1,"32":0,"33":0,"34":0,"35":0,"36":0,"37":0,"38":0,"39":0,"40":0,"41":0,"42":0,"43":0,"44":0,"45":0,"46":0,"47":1,"48":0,"49":0,"50":0,"51":0,"52":0,"53":0,"54":0,"55":0,"56":0,"57":0,"58":0,"59":0,"60":1,"61":0,"62":0,"63":0,"64":0,"65":0,"66":0,"67":0,"68":0,"69":0,"70":0,"71":0,"72":0,"73":0,"74":0,"75":0,"76":0,"77":0,"78":1},"f":{"0":0,"1":0,"2":0,"3":0,"4":0,"5":0},"b":{"0":[0,0],"1":[0,0],"2":[0,0],"3":[0,0],"4":[0,0],"5":[0,0],"6":[0,0],"7":[0,0],"8":[0,0],"9":[0,0]},"_coverageSchema":"1a1c01bbd47fc00a2c39e90264f33305004495a9","hash":"3033c43fad33c2b99e7d436231d4b8356adca743"}
,"/Users/stefanomodenese/Desktop/IS2/progetto/app/users_v2.js": {"path":"/Users/stefanomodenese/Desktop/IS2/progetto/app/users_v2.js","statementMap":{"0":{"start":{"line":1,"column":16},"end":{"line":1,"column":34}},"1":{"start":{"line":2,"column":15},"end":{"line":2,"column":31}},"2":{"start":{"line":3,"column":12},"end":{"line":3,"column":35}},"3":{"start":{"line":5,"column":14},"end":{"line":5,"column":42}},"4":{"start":{"line":6,"column":28},"end":{"line":6,"column":56}},"5":{"start":{"line":7,"column":28},"end":{"line":7,"column":47}},"6":{"start":{"line":12,"column":13},"end":{"line":12,"column":37}},"7":{"start":{"line":18,"column":13},"end":{"line":18,"column":40}},"8":{"start":{"line":23,"column":0},"end":{"line":84,"column":3}},"9":{"start":{"line":24,"column":4},"end":{"line":24,"column":39}},"10":{"start":{"line":25,"column":4},"end":{"line":25,"column":45}},"11":{"start":{"line":26,"column":4},"end":{"line":26,"column":45}},"12":{"start":{"line":28,"column":4},"end":{"line":31,"column":5}},"13":{"start":{"line":29,"column":8},"end":{"line":29,"column":62}},"14":{"start":{"line":30,"column":8},"end":{"line":30,"column":15}},"15":{"start":{"line":34,"column":15},"end":{"line":34,"column":66}},"16":{"start":{"line":37,"column":4},"end":{"line":40,"column":5}},"17":{"start":{"line":38,"column":8},"end":{"line":38,"column":56}},"18":{"start":{"line":39,"column":8},"end":{"line":39,"column":15}},"19":{"start":{"line":43,"column":4},"end":{"line":46,"column":5}},"20":{"start":{"line":44,"column":8},"end":{"line":44,"column":78}},"21":{"start":{"line":45,"column":8},"end":{"line":45,"column":15}},"22":{"start":{"line":49,"column":4},"end":{"line":52,"column":5}},"23":{"start":{"line":50,"column":8},"end":{"line":50,"column":77}},"24":{"start":{"line":51,"column":8},"end":{"line":51,"column":15}},"25":{"start":{"line":55,"column":4},"end":{"line":60,"column":7}},"26":{"start":{"line":61,"column":4},"end":{"line":61,"column":31}},"27":{"start":{"line":64,"column":15},"end":{"line":68,"column":2}},"28":{"start":{"line":69,"column":15},"end":{"line":71,"column":2}},"29":{"start":{"line":72,"column":13},"end":{"line":72,"column":52}},"30":{"start":{"line":75,"column":1},"end":{"line":83,"column":4}},"31":{"start":{"line":92,"column":14},"end":{"line":92,"column":169}},"32":{"start":{"line":93,"column":4},"end":{"line":93,"column":26}},"33":{"start":{"line":97,"column":0},"end":{"line":139,"column":3}},"34":{"start":{"line":98,"column":13},"end":{"line":98,"column":29}},"35":{"start":{"line":99,"column":12},"end":{"line":99,"column":56}},"36":{"start":{"line":101,"column":1},"end":{"line":104,"column":2}},"37":{"start":{"line":102,"column":2},"end":{"line":102,"column":24}},"38":{"start":{"line":103,"column":2},"end":{"line":103,"column":9}},"39":{"start":{"line":108,"column":1},"end":{"line":111,"column":2}},"40":{"start":{"line":109,"column":2},"end":{"line":109,"column":48}},"41":{"start":{"line":110,"column":2},"end":{"line":110,"column":9}},"42":{"start":{"line":113,"column":12},"end":{"line":122,"column":6}},"43":{"start":{"line":125,"column":1},"end":{"line":138,"column":4}},"44":{"start":{"line":127,"column":15},"end":{"line":127,"column":28}},"45":{"start":{"line":128,"column":2},"end":{"line":134,"column":3}},"46":{"start":{"line":129,"column":3},"end":{"line":129,"column":44}},"47":{"start":{"line":132,"column":3},"end":{"line":132,"column":43}},"48":{"start":{"line":133,"column":3},"end":{"line":133,"column":49}},"49":{"start":{"line":137,"column":2},"end":{"line":137,"column":43}},"50":{"start":{"line":142,"column":0},"end":{"line":157,"column":3}},"51":{"start":{"line":143,"column":13},"end":{"line":143,"column":29}},"52":{"start":{"line":144,"column":12},"end":{"line":144,"column":56}},"53":{"start":{"line":146,"column":1},"end":{"line":156,"column":2}},"54":{"start":{"line":147,"column":2},"end":{"line":147,"column":24}},"55":{"start":{"line":148,"column":2},"end":{"line":148,"column":9}},"56":{"start":{"line":150,"column":2},"end":{"line":155,"column":5}},"57":{"start":{"line":151,"column":3},"end":{"line":151,"column":37}},"58":{"start":{"line":153,"column":3},"end":{"line":153,"column":25}},"59":{"start":{"line":154,"column":3},"end":{"line":154,"column":23}},"60":{"start":{"line":160,"column":0},"end":{"line":177,"column":3}},"61":{"start":{"line":161,"column":13},"end":{"line":161,"column":29}},"62":{"start":{"line":162,"column":12},"end":{"line":162,"column":56}},"63":{"start":{"line":163,"column":10},"end":{"line":163,"column":23}},"64":{"start":{"line":165,"column":1},"end":{"line":175,"column":2}},"65":{"start":{"line":166,"column":2},"end":{"line":166,"column":24}},"66":{"start":{"line":167,"column":2},"end":{"line":167,"column":9}},"67":{"start":{"line":169,"column":2},"end":{"line":174,"column":5}},"68":{"start":{"line":170,"column":3},"end":{"line":170,"column":37}},"69":{"start":{"line":172,"column":3},"end":{"line":172,"column":25}},"70":{"start":{"line":173,"column":3},"end":{"line":173,"column":23}},"71":{"start":{"line":179,"column":0},"end":{"line":179,"column":24}}},"fnMap":{"0":{"name":"(anonymous_0)","decl":{"start":{"line":23,"column":16},"end":{"line":23,"column":17}},"loc":{"start":{"line":23,"column":40},"end":{"line":84,"column":1}},"line":23},"1":{"name":"(anonymous_1)","decl":{"start":{"line":61,"column":14},"end":{"line":61,"column":15}},"loc":{"start":{"line":61,"column":27},"end":{"line":61,"column":29}},"line":61},"2":{"name":"checkIfEmailInString","decl":{"start":{"line":90,"column":10},"end":{"line":90,"column":30}},"loc":{"start":{"line":90,"column":37},"end":{"line":94,"column":1}},"line":90},"3":{"name":"(anonymous_3)","decl":{"start":{"line":97,"column":30},"end":{"line":97,"column":31}},"loc":{"start":{"line":97,"column":54},"end":{"line":139,"column":1}},"line":97},"4":{"name":"(anonymous_4)","decl":{"start":{"line":125,"column":25},"end":{"line":125,"column":26}},"loc":{"start":{"line":125,"column":39},"end":{"line":135,"column":2}},"line":125},"5":{"name":"(anonymous_5)","decl":{"start":{"line":135,"column":10},"end":{"line":135,"column":11}},"loc":{"start":{"line":135,"column":17},"end":{"line":138,"column":2}},"line":135},"6":{"name":"(anonymous_6)","decl":{"start":{"line":142,"column":29},"end":{"line":142,"column":30}},"loc":{"start":{"line":142,"column":53},"end":{"line":157,"column":1}},"line":142},"7":{"name":"(anonymous_7)","decl":{"start":{"line":150,"column":61},"end":{"line":150,"column":62}},"loc":{"start":{"line":150,"column":69},"end":{"line":152,"column":3}},"line":150},"8":{"name":"(anonymous_8)","decl":{"start":{"line":152,"column":11},"end":{"line":152,"column":12}},"loc":{"start":{"line":152,"column":18},"end":{"line":155,"column":3}},"line":152},"9":{"name":"(anonymous_9)","decl":{"start":{"line":160,"column":32},"end":{"line":160,"column":33}},"loc":{"start":{"line":160,"column":56},"end":{"line":177,"column":1}},"line":160},"10":{"name":"(anonymous_10)","decl":{"start":{"line":169,"column":52},"end":{"line":169,"column":53}},"loc":{"start":{"line":169,"column":60},"end":{"line":171,"column":3}},"line":169},"11":{"name":"(anonymous_11)","decl":{"start":{"line":171,"column":11},"end":{"line":171,"column":12}},"loc":{"start":{"line":171,"column":18},"end":{"line":174,"column":3}},"line":171}},"branchMap":{"0":{"loc":{"start":{"line":28,"column":4},"end":{"line":31,"column":5}},"type":"if","locations":[{"start":{"line":28,"column":4},"end":{"line":31,"column":5}},{"start":{},"end":{}}],"line":28},"1":{"loc":{"start":{"line":37,"column":4},"end":{"line":40,"column":5}},"type":"if","locations":[{"start":{"line":37,"column":4},"end":{"line":40,"column":5}},{"start":{},"end":{}}],"line":37},"2":{"loc":{"start":{"line":43,"column":4},"end":{"line":46,"column":5}},"type":"if","locations":[{"start":{"line":43,"column":4},"end":{"line":46,"column":5}},{"start":{},"end":{}}],"line":43},"3":{"loc":{"start":{"line":49,"column":4},"end":{"line":52,"column":5}},"type":"if","locations":[{"start":{"line":49,"column":4},"end":{"line":52,"column":5}},{"start":{},"end":{}}],"line":49},"4":{"loc":{"start":{"line":49,"column":7},"end":{"line":49,"column":77}},"type":"binary-expr","locations":[{"start":{"line":49,"column":7},"end":{"line":49,"column":40}},{"start":{"line":49,"column":44},"end":{"line":49,"column":77}}],"line":49},"5":{"loc":{"start":{"line":101,"column":1},"end":{"line":104,"column":2}},"type":"if","locations":[{"start":{"line":101,"column":1},"end":{"line":104,"column":2}},{"start":{},"end":{}}],"line":101},"6":{"loc":{"start":{"line":101,"column":4},"end":{"line":101,"column":41}},"type":"binary-expr","locations":[{"start":{"line":101,"column":4},"end":{"line":101,"column":32}},{"start":{"line":101,"column":36},"end":{"line":101,"column":41}}],"line":101},"7":{"loc":{"start":{"line":108,"column":1},"end":{"line":111,"column":2}},"type":"if","locations":[{"start":{"line":108,"column":1},"end":{"line":111,"column":2}},{"start":{},"end":{}}],"line":108},"8":{"loc":{"start":{"line":128,"column":2},"end":{"line":134,"column":3}},"type":"if","locations":[{"start":{"line":128,"column":2},"end":{"line":134,"column":3}},{"start":{"line":131,"column":7},"end":{"line":134,"column":3}}],"line":128},"9":{"loc":{"start":{"line":146,"column":1},"end":{"line":156,"column":2}},"type":"if","locations":[{"start":{"line":146,"column":1},"end":{"line":156,"column":2}},{"start":{"line":149,"column":6},"end":{"line":156,"column":2}}],"line":146},"10":{"loc":{"start":{"line":146,"column":4},"end":{"line":146,"column":41}},"type":"binary-expr","locations":[{"start":{"line":146,"column":4},"end":{"line":146,"column":32}},{"start":{"line":146,"column":36},"end":{"line":146,"column":41}}],"line":146},"11":{"loc":{"start":{"line":165,"column":1},"end":{"line":175,"column":2}},"type":"if","locations":[{"start":{"line":165,"column":1},"end":{"line":175,"column":2}},{"start":{"line":168,"column":6},"end":{"line":175,"column":2}}],"line":165},"12":{"loc":{"start":{"line":165,"column":4},"end":{"line":165,"column":65}},"type":"binary-expr","locations":[{"start":{"line":165,"column":4},"end":{"line":165,"column":32}},{"start":{"line":165,"column":36},"end":{"line":165,"column":41}},{"start":{"line":165,"column":45},"end":{"line":165,"column":65}}],"line":165}},"s":{"0":1,"1":1,"2":1,"3":1,"4":1,"5":1,"6":1,"7":1,"8":1,"9":0,"10":0,"11":0,"12":0,"13":0,"14":0,"15":0,"16":0,"17":0,"18":0,"19":0,"20":0,"21":0,"22":0,"23":0,"24":0,"25":0,"26":0,"27":0,"28":0,"29":0,"30":0,"31":0,"32":0,"33":1,"34":0,"35":0,"36":0,"37":0,"38":0,"39":0,"40":0,"41":0,"42":0,"43":0,"44":0,"45":0,"46":0,"47":0,"48":0,"49":0,"50":1,"51":0,"52":0,"53":0,"54":0,"55":0,"56":0,"57":0,"58":0,"59":0,"60":1,"61":0,"62":0,"63":0,"64":0,"65":0,"66":0,"67":0,"68":0,"69":0,"70":0,"71":1},"f":{"0":0,"1":0,"2":0,"3":0,"4":0,"5":0,"6":0,"7":0,"8":0,"9":0,"10":0,"11":0},"b":{"0":[0,0],"1":[0,0],"2":[0,0],"3":[0,0],"4":[0,0],"5":[0,0],"6":[0,0],"7":[0,0],"8":[0,0],"9":[0,0],"10":[0,0],"11":[0,0],"12":[0,0,0]},"_coverageSchema":"1a1c01bbd47fc00a2c39e90264f33305004495a9","hash":"9026cde3f3edde153c42bf1d2b7752829642cdf9"}
,"/Users/stefanomodenese/Desktop/IS2/progetto/app/models/post.js": {"path":"/Users/stefanomodenese/Desktop/IS2/progetto/app/models/post.js","statementMap":{"0":{"start":{"line":1,"column":15},"end":{"line":1,"column":34}},"1":{"start":{"line":2,"column":13},"end":{"line":2,"column":28}},"2":{"start":{"line":5,"column":0},"end":{"line":9,"column":4}}},"fnMap":{},"branchMap":{},"s":{"0":1,"1":1,"2":1},"f":{},"b":{},"_coverageSchema":"1a1c01bbd47fc00a2c39e90264f33305004495a9","hash":"d4b6393bc798131bd3046d1211461f959d1cee6f"}
,"/Users/stefanomodenese/Desktop/IS2/progetto/app/models/post_v2.js": {"path":"/Users/stefanomodenese/Desktop/IS2/progetto/app/models/post_v2.js","statementMap":{"0":{"start":{"line":1,"column":15},"end":{"line":1,"column":34}},"1":{"start":{"line":2,"column":13},"end":{"line":2,"column":28}},"2":{"start":{"line":5,"column":0},"end":{"line":17,"column":4}}},"fnMap":{},"branchMap":{},"s":{"0":1,"1":1,"2":1},"f":{},"b":{},"_coverageSchema":"1a1c01bbd47fc00a2c39e90264f33305004495a9","hash":"c29f2f567f1d756eade559ed6b5fc34db282c908"}
,"/Users/stefanomodenese/Desktop/IS2/progetto/app/models/user.js": {"path":"/Users/stefanomodenese/Desktop/IS2/progetto/app/models/user.js","statementMap":{"0":{"start":{"line":1,"column":15},"end":{"line":1,"column":34}},"1":{"start":{"line":2,"column":13},"end":{"line":2,"column":28}},"2":{"start":{"line":5,"column":0},"end":{"line":10,"column":4}}},"fnMap":{},"branchMap":{},"s":{"0":1,"1":1,"2":1},"f":{},"b":{},"_coverageSchema":"1a1c01bbd47fc00a2c39e90264f33305004495a9","hash":"a02e27c03304f133f5b9071e6183689a9ce5d234"}
,"/Users/stefanomodenese/Desktop/IS2/progetto/utils/utils.js": {"path":"/Users/stefanomodenese/Desktop/IS2/progetto/utils/utils.js","statementMap":{"0":{"start":{"line":6,"column":14},"end":{"line":6,"column":16}},"1":{"start":{"line":9,"column":14},"end":{"line":9,"column":15}},"2":{"start":{"line":14,"column":0},"end":{"line":17,"column":2}},"3":{"start":{"line":15,"column":1},"end":{"line":16,"column":22}},"4":{"start":{"line":16,"column":2},"end":{"line":16,"column":22}},"5":{"start":{"line":22,"column":0},"end":{"line":34,"column":1}},"6":{"start":{"line":23,"column":11},"end":{"line":23,"column":15}},"7":{"start":{"line":24,"column":1},"end":{"line":32,"column":2}},"8":{"start":{"line":26,"column":2},"end":{"line":26,"column":14}},"9":{"start":{"line":27,"column":2},"end":{"line":27,"column":56}},"10":{"start":{"line":31,"column":2},"end":{"line":31,"column":52}},"11":{"start":{"line":33,"column":1},"end":{"line":33,"column":12}},"12":{"start":{"line":43,"column":1},"end":{"line":48,"column":2}},"13":{"start":{"line":44,"column":1},"end":{"line":45,"column":33}},"14":{"start":{"line":45,"column":2},"end":{"line":45,"column":33}},"15":{"start":{"line":46,"column":1},"end":{"line":46,"column":23}},"16":{"start":{"line":47,"column":1},"end":{"line":47,"column":55}},"17":{"start":{"line":53,"column":1},"end":{"line":58,"column":2}},"18":{"start":{"line":54,"column":1},"end":{"line":55,"column":26}},"19":{"start":{"line":55,"column":2},"end":{"line":55,"column":26}},"20":{"start":{"line":56,"column":1},"end":{"line":56,"column":23}},"21":{"start":{"line":57,"column":1},"end":{"line":57,"column":55}},"22":{"start":{"line":63,"column":0},"end":{"line":68,"column":2}},"23":{"start":{"line":64,"column":1},"end":{"line":65,"column":24}},"24":{"start":{"line":65,"column":2},"end":{"line":65,"column":24}},"25":{"start":{"line":66,"column":1},"end":{"line":66,"column":23}},"26":{"start":{"line":67,"column":1},"end":{"line":67,"column":55}},"27":{"start":{"line":75,"column":0},"end":{"line":80,"column":1}},"28":{"start":{"line":76,"column":1},"end":{"line":77,"column":29}},"29":{"start":{"line":77,"column":2},"end":{"line":77,"column":29}},"30":{"start":{"line":78,"column":1},"end":{"line":78,"column":23}},"31":{"start":{"line":79,"column":1},"end":{"line":79,"column":55}},"32":{"start":{"line":85,"column":0},"end":{"line":92,"column":2}},"33":{"start":{"line":86,"column":1},"end":{"line":91,"column":22}},"34":{"start":{"line":87,"column":2},"end":{"line":87,"column":37}},"35":{"start":{"line":88,"column":2},"end":{"line":88,"column":41}},"36":{"start":{"line":91,"column":2},"end":{"line":91,"column":22}},"37":{"start":{"line":94,"column":0},"end":{"line":102,"column":1}},"38":{"start":{"line":95,"column":1},"end":{"line":101,"column":2}},"39":{"start":{"line":96,"column":2},"end":{"line":96,"column":41}},"40":{"start":{"line":97,"column":2},"end":{"line":97,"column":41}},"41":{"start":{"line":100,"column":2},"end":{"line":100,"column":22}},"42":{"start":{"line":107,"column":0},"end":{"line":112,"column":2}},"43":{"start":{"line":108,"column":1},"end":{"line":109,"column":22}},"44":{"start":{"line":109,"column":2},"end":{"line":109,"column":22}},"45":{"start":{"line":110,"column":1},"end":{"line":110,"column":23}},"46":{"start":{"line":111,"column":1},"end":{"line":111,"column":55}},"47":{"start":{"line":117,"column":0},"end":{"line":122,"column":2}},"48":{"start":{"line":118,"column":1},"end":{"line":119,"column":42}},"49":{"start":{"line":119,"column":2},"end":{"line":119,"column":42}},"50":{"start":{"line":120,"column":1},"end":{"line":120,"column":23}},"51":{"start":{"line":121,"column":1},"end":{"line":121,"column":55}},"52":{"start":{"line":125,"column":0},"end":{"line":125,"column":23}}},"fnMap":{"0":{"name":"(anonymous_0)","decl":{"start":{"line":14,"column":15},"end":{"line":14,"column":16}},"loc":{"start":{"line":14,"column":27},"end":{"line":17,"column":1}},"line":14},"1":{"name":"(anonymous_1)","decl":{"start":{"line":22,"column":16},"end":{"line":22,"column":17}},"loc":{"start":{"line":22,"column":27},"end":{"line":34,"column":1}},"line":22},"2":{"name":"(anonymous_2)","decl":{"start":{"line":43,"column":20},"end":{"line":43,"column":21}},"loc":{"start":{"line":43,"column":38},"end":{"line":48,"column":1}},"line":43},"3":{"name":"(anonymous_3)","decl":{"start":{"line":53,"column":20},"end":{"line":53,"column":21}},"loc":{"start":{"line":53,"column":38},"end":{"line":58,"column":1}},"line":53},"4":{"name":"(anonymous_4)","decl":{"start":{"line":63,"column":17},"end":{"line":63,"column":18}},"loc":{"start":{"line":63,"column":35},"end":{"line":68,"column":1}},"line":63},"5":{"name":"(anonymous_5)","decl":{"start":{"line":75,"column":22},"end":{"line":75,"column":23}},"loc":{"start":{"line":75,"column":40},"end":{"line":80,"column":1}},"line":75},"6":{"name":"(anonymous_6)","decl":{"start":{"line":85,"column":26},"end":{"line":85,"column":27}},"loc":{"start":{"line":85,"column":41},"end":{"line":92,"column":1}},"line":85},"7":{"name":"(anonymous_7)","decl":{"start":{"line":94,"column":24},"end":{"line":94,"column":25}},"loc":{"start":{"line":94,"column":40},"end":{"line":102,"column":1}},"line":94},"8":{"name":"(anonymous_8)","decl":{"start":{"line":107,"column":16},"end":{"line":107,"column":17}},"loc":{"start":{"line":107,"column":34},"end":{"line":112,"column":1}},"line":107},"9":{"name":"(anonymous_9)","decl":{"start":{"line":117,"column":22},"end":{"line":117,"column":23}},"loc":{"start":{"line":117,"column":40},"end":{"line":122,"column":1}},"line":117}},"branchMap":{"0":{"loc":{"start":{"line":15,"column":1},"end":{"line":16,"column":22}},"type":"if","locations":[{"start":{"line":15,"column":1},"end":{"line":16,"column":22}},{"start":{},"end":{}}],"line":15},"1":{"loc":{"start":{"line":24,"column":1},"end":{"line":32,"column":2}},"type":"if","locations":[{"start":{"line":24,"column":1},"end":{"line":32,"column":2}},{"start":{"line":30,"column":1},"end":{"line":32,"column":2}}],"line":24},"2":{"loc":{"start":{"line":24,"column":4},"end":{"line":24,"column":70}},"type":"binary-expr","locations":[{"start":{"line":24,"column":4},"end":{"line":24,"column":22}},{"start":{"line":24,"column":26},"end":{"line":24,"column":39}},{"start":{"line":24,"column":43},"end":{"line":24,"column":55}},{"start":{"line":24,"column":59},"end":{"line":24,"column":70}}],"line":24},"3":{"loc":{"start":{"line":44,"column":1},"end":{"line":45,"column":33}},"type":"if","locations":[{"start":{"line":44,"column":1},"end":{"line":45,"column":33}},{"start":{},"end":{}}],"line":44},"4":{"loc":{"start":{"line":54,"column":1},"end":{"line":55,"column":26}},"type":"if","locations":[{"start":{"line":54,"column":1},"end":{"line":55,"column":26}},{"start":{},"end":{}}],"line":54},"5":{"loc":{"start":{"line":64,"column":1},"end":{"line":65,"column":24}},"type":"if","locations":[{"start":{"line":64,"column":1},"end":{"line":65,"column":24}},{"start":{},"end":{}}],"line":64},"6":{"loc":{"start":{"line":76,"column":1},"end":{"line":77,"column":29}},"type":"if","locations":[{"start":{"line":76,"column":1},"end":{"line":77,"column":29}},{"start":{},"end":{}}],"line":76},"7":{"loc":{"start":{"line":86,"column":1},"end":{"line":91,"column":22}},"type":"if","locations":[{"start":{"line":86,"column":1},"end":{"line":91,"column":22}},{"start":{"line":91,"column":2},"end":{"line":91,"column":22}}],"line":86},"8":{"loc":{"start":{"line":95,"column":1},"end":{"line":101,"column":2}},"type":"if","locations":[{"start":{"line":95,"column":1},"end":{"line":101,"column":2}},{"start":{"line":99,"column":6},"end":{"line":101,"column":2}}],"line":95},"9":{"loc":{"start":{"line":108,"column":1},"end":{"line":109,"column":22}},"type":"if","locations":[{"start":{"line":108,"column":1},"end":{"line":109,"column":22}},{"start":{},"end":{}}],"line":108},"10":{"loc":{"start":{"line":118,"column":1},"end":{"line":119,"column":42}},"type":"if","locations":[{"start":{"line":118,"column":1},"end":{"line":119,"column":42}},{"start":{},"end":{}}],"line":118}},"s":{"0":1,"1":1,"2":1,"3":2,"4":2,"5":1,"6":0,"7":0,"8":0,"9":0,"10":0,"11":0,"12":1,"13":0,"14":0,"15":0,"16":0,"17":1,"18":0,"19":0,"20":0,"21":0,"22":1,"23":0,"24":0,"25":0,"26":0,"27":1,"28":0,"29":0,"30":0,"31":0,"32":1,"33":1,"34":1,"35":1,"36":0,"37":1,"38":0,"39":0,"40":0,"41":0,"42":1,"43":0,"44":0,"45":0,"46":0,"47":1,"48":0,"49":0,"50":0,"51":0,"52":1},"f":{"0":2,"1":0,"2":0,"3":0,"4":0,"5":0,"6":1,"7":0,"8":0,"9":0},"b":{"0":[2,0],"1":[0,0],"2":[0,0,0,0],"3":[0,0],"4":[0,0],"5":[0,0],"6":[0,0],"7":[1,0],"8":[0,0],"9":[0,0],"10":[0,0]},"_coverageSchema":"1a1c01bbd47fc00a2c39e90264f33305004495a9","hash":"9626eca02a35a2fdf185886996c4012437133a5b"}
}
